<?xml version="1.0" encoding="UTF-8"?>
<!-- Generated by org.testng.reporters.JUnitXMLReporter -->
<testsuite hostname="Akshay-PC" name="Default test" tests="3" failures="0" timestamp="26 Aug 2016 09:05:28 GMT" time="71.982" errors="0">
  <testcase name="login" time="0.861" classname="com.snapooh.tests.MonitorView"/>
  <testcase name="SelMonitor" time="2.345" classname="com.snapooh.tests.MonitorView"/>
  <testcase name="MonitorReport" time="9.281" classname="com.snapooh.tests.MonitorView"/>
</testsuite> <!-- Default test -->
