<?xml version="1.0" encoding="UTF-8"?>
<testng-results skipped="0" failed="0" total="3" passed="3">
  <reporter-output>
  </reporter-output>
  <suite name="Default suite" duration-ms="71982" started-at="2016-08-26T09:04:16Z" finished-at="2016-08-26T09:05:28Z">
    <groups>
    </groups>
    <test name="Default test" duration-ms="71982" started-at="2016-08-26T09:04:16Z" finished-at="2016-08-26T09:05:28Z">
      <class name="com.snapooh.tests.MonitorView">
        <test-method status="PASS" signature="setup()[pri:0, instance:com.snapooh.tests.MonitorView@17b285e]" name="setup" is-config="true" duration-ms="59443" started-at="2016-08-26T14:34:16Z" finished-at="2016-08-26T14:35:15Z">
          <reporter-output>
          </reporter-output>
        </test-method> <!-- setup -->
        <test-method status="PASS" signature="login()[pri:1, instance:com.snapooh.tests.MonitorView@17b285e]" name="login" duration-ms="861" started-at="2016-08-26T14:35:15Z" finished-at="2016-08-26T14:35:16Z">
          <reporter-output>
          </reporter-output>
        </test-method> <!-- login -->
        <test-method status="PASS" signature="SelMonitor()[pri:2, instance:com.snapooh.tests.MonitorView@17b285e]" name="SelMonitor" duration-ms="2345" started-at="2016-08-26T14:35:16Z" finished-at="2016-08-26T14:35:19Z">
          <reporter-output>
          </reporter-output>
        </test-method> <!-- SelMonitor -->
        <test-method status="PASS" signature="MonitorReport()[pri:3, instance:com.snapooh.tests.MonitorView@17b285e]" name="MonitorReport" duration-ms="9281" started-at="2016-08-26T14:35:19Z" finished-at="2016-08-26T14:35:28Z">
          <reporter-output>
          </reporter-output>
        </test-method> <!-- MonitorReport -->
      </class> <!-- com.snapooh.tests.MonitorView -->
    </test> <!-- Default test -->
  </suite> <!-- Default suite -->
</testng-results>
